<?xml version="1.0" encoding="UTF-8"?>
<!-- Generated by org.testng.reporters.JUnitXMLReporter -->
<testsuite ignored="0" hostname="LAPTOP-43Q7UNA5" failures="0" tests="1" name="Surefire test" time="0.008" errors="0" timestamp="06 May 2021 07:53:43 GMT">
  <testcase classname="testbase.launchDriver" name="@BeforeSuite report" time="0.03">
    <failure type="java.lang.Error" message="Unresolved compilation problem: 
	VERSION_2_3_29 cannot be resolved or is not a field
">
      <![CDATA[java.lang.Error: Unresolved compilation problem: 
VERSION_2_3_29 cannot be resolved or is not a field

at com.aventstack.extentreports.reporter.BasicFileReporter.start(BasicFileReporter.java:98)
at com.aventstack.extentreports.ReportObservable.register(ReportObservable.java:191)
at java.base/java.util.Spliterators$ArraySpliterator.forEachRemaining(Spliterators.java:948)
at java.base/java.util.stream.ReferencePipeline$Head.forEach(ReferencePipeline.java:658)
at com.aventstack.extentreports.ExtentReports.attachReporter(ExtentReports.java:82)
at testbase.launchDriver.report(launchDriver.java:49)
... Removed 25 stack frames]]>
    </failure>
  </testcase> <!-- @BeforeSuite report -->
  <testcase classname="testbase.launchDriver" name="@BeforeTest dd" time="0.0">
    <skipped/>
  </testcase> <!-- @BeforeTest dd -->
  <testcase classname="testbase.launchDriver" name="@AfterMethod test" time="0.0">
    <skipped/>
  </testcase> <!-- @AfterMethod test -->
  <testcase classname="examplesselenium.Test_001" name="testabsdc" time="0.0">
    <skipped/>
  </testcase> <!-- testabsdc -->
</testsuite> <!-- Surefire test -->
